2024-07-09 10:43:23.074 -03:00 [INF] Starting web host
2024-07-09 10:43:23.188 -03:00 [INF] ****************************************
2024-07-09 10:43:23.188 -03:00 [INF] *    Aplicação iniciada com sucesso!   *
2024-07-09 10:43:23.189 -03:00 [INF] ****************************************
2024-07-09 10:43:23.255 -03:00 [INF] Now listening on: https://localhost:7291
2024-07-09 10:43:23.256 -03:00 [INF] Now listening on: http://localhost:5193
2024-07-09 10:43:23.258 -03:00 [INF] Application started. Press Ctrl+C to shut down.
2024-07-09 10:43:23.258 -03:00 [INF] Hosting environment: Development
2024-07-09 10:43:23.259 -03:00 [INF] Content root path: C:\Users\User\OneDrive\Desktop\Validador Documento\ValidadorCpfCnpj
2024-07-09 10:43:23.744 -03:00 [INF] Request starting HTTP/2 GET https://localhost:7291/swagger/index.html - null null
2024-07-09 10:43:23.821 -03:00 [INF] Request finished HTTP/2 GET https://localhost:7291/swagger/index.html - 200 null text/html;charset=utf-8 77.5075ms
2024-07-09 10:43:23.822 -03:00 [INF] Request starting HTTP/2 GET https://localhost:7291/_vs/browserLink - null null
2024-07-09 10:43:23.822 -03:00 [INF] Request starting HTTP/2 GET https://localhost:7291/_framework/aspnetcore-browser-refresh.js - null null
2024-07-09 10:43:23.828 -03:00 [INF] Request finished HTTP/2 GET https://localhost:7291/_framework/aspnetcore-browser-refresh.js - 200 13776 application/javascript; charset=utf-8 5.6516ms
2024-07-09 10:43:23.838 -03:00 [INF] Request finished HTTP/2 GET https://localhost:7291/_vs/browserLink - 200 null text/javascript; charset=UTF-8 15.9401ms
2024-07-09 10:43:23.969 -03:00 [INF] Request starting HTTP/2 GET https://localhost:7291/swagger/v1/swagger.json - null null
2024-07-09 10:43:24.019 -03:00 [INF] Request finished HTTP/2 GET https://localhost:7291/swagger/v1/swagger.json - 200 null application/json;charset=utf-8 50.011ms
2024-07-09 10:44:09.943 -03:00 [INF] Request starting HTTP/2 GET https://localhost:7291/api/Validador/validar/04037265141 - null null
2024-07-09 10:44:09.952 -03:00 [INF] Handling request: GET /api/Validador/validar/04037265141
2024-07-09 10:44:09.954 -03:00 [INF] Executing endpoint 'ValidadorCpfCnpjApi1.Controllers.ValidadorController.Validar (ValidadorCpfCnpjApi1)'
2024-07-09 10:44:09.963 -03:00 [INF] Route matched with {action = "Validar", controller = "Validador"}. Executing controller action with signature Microsoft.AspNetCore.Mvc.IActionResult Validar(System.String) on controller ValidadorCpfCnpjApi1.Controllers.ValidadorController (ValidadorCpfCnpjApi1).
2024-07-09 10:44:09.972 -03:00 [INF] Executing OkObjectResult, writing value of type 'System.String'.
2024-07-09 10:44:09.975 -03:00 [INF] Executed action ValidadorCpfCnpjApi1.Controllers.ValidadorController.Validar (ValidadorCpfCnpjApi1) in 9.437ms
2024-07-09 10:44:09.976 -03:00 [INF] Executed endpoint 'ValidadorCpfCnpjApi1.Controllers.ValidadorController.Validar (ValidadorCpfCnpjApi1)'
2024-07-09 10:44:09.976 -03:00 [INF] Finished handling request.
2024-07-09 10:44:09.977 -03:00 [INF] Request finished HTTP/2 GET https://localhost:7291/api/Validador/validar/04037265141 - 200 null text/plain; charset=utf-8 33.9898ms
2024-07-09 11:07:10.726 -03:00 [INF] Starting web host
2024-07-09 11:07:10.833 -03:00 [INF] ****************************************
2024-07-09 11:07:10.833 -03:00 [INF] *    Aplicação iniciada com sucesso!   *
2024-07-09 11:07:10.834 -03:00 [INF] ****************************************
2024-07-09 11:07:10.899 -03:00 [INF] Now listening on: https://localhost:7291
2024-07-09 11:07:10.901 -03:00 [INF] Now listening on: http://localhost:5193
2024-07-09 11:07:10.902 -03:00 [INF] Application started. Press Ctrl+C to shut down.
2024-07-09 11:07:10.902 -03:00 [INF] Hosting environment: Development
2024-07-09 11:07:10.903 -03:00 [INF] Content root path: C:\Users\User\OneDrive\Desktop\Validador Documento\ValidadorCpfCnpj
2024-07-09 11:07:11.241 -03:00 [INF] Request starting HTTP/2 GET https://localhost:7291/swagger/index.html - null null
2024-07-09 11:07:11.316 -03:00 [INF] Request finished HTTP/2 GET https://localhost:7291/swagger/index.html - 200 null text/html;charset=utf-8 75.2783ms
2024-07-09 11:07:11.318 -03:00 [INF] Request starting HTTP/2 GET https://localhost:7291/_framework/aspnetcore-browser-refresh.js - null null
2024-07-09 11:07:11.318 -03:00 [INF] Request starting HTTP/2 GET https://localhost:7291/_vs/browserLink - null null
2024-07-09 11:07:11.322 -03:00 [INF] Request finished HTTP/2 GET https://localhost:7291/_framework/aspnetcore-browser-refresh.js - 200 13776 application/javascript; charset=utf-8 4.2263ms
2024-07-09 11:07:11.335 -03:00 [INF] Request finished HTTP/2 GET https://localhost:7291/_vs/browserLink - 200 null text/javascript; charset=UTF-8 17.4948ms
2024-07-09 11:07:11.458 -03:00 [INF] Request starting HTTP/2 GET https://localhost:7291/swagger/v1/swagger.json - null null
2024-07-09 11:07:11.497 -03:00 [INF] Request finished HTTP/2 GET https://localhost:7291/swagger/v1/swagger.json - 200 null application/json;charset=utf-8 38.9534ms
2024-07-09 11:07:30.307 -03:00 [INF] Application is shutting down...
2024-07-09 11:07:37.858 -03:00 [INF] Starting web host
2024-07-09 11:07:37.963 -03:00 [INF] ****************************************
2024-07-09 11:07:37.964 -03:00 [INF] *    Aplicação iniciada com sucesso!   *
2024-07-09 11:07:37.964 -03:00 [INF] ****************************************
2024-07-09 11:07:38.037 -03:00 [INF] Now listening on: https://localhost:7291
2024-07-09 11:07:38.039 -03:00 [INF] Now listening on: http://localhost:5193
2024-07-09 11:07:38.040 -03:00 [INF] Application started. Press Ctrl+C to shut down.
2024-07-09 11:07:38.041 -03:00 [INF] Hosting environment: Development
2024-07-09 11:07:38.041 -03:00 [INF] Content root path: C:\Users\User\OneDrive\Desktop\Validador Documento\ValidadorCpfCnpj
2024-07-09 11:07:38.475 -03:00 [INF] Request starting HTTP/2 GET https://localhost:7291/swagger/index.html - null null
2024-07-09 11:07:38.552 -03:00 [INF] Request finished HTTP/2 GET https://localhost:7291/swagger/index.html - 200 null text/html;charset=utf-8 77.6789ms
2024-07-09 11:07:38.554 -03:00 [INF] Request starting HTTP/2 GET https://localhost:7291/_vs/browserLink - null null
2024-07-09 11:07:38.554 -03:00 [INF] Request starting HTTP/2 GET https://localhost:7291/_framework/aspnetcore-browser-refresh.js - null null
2024-07-09 11:07:38.560 -03:00 [INF] Request finished HTTP/2 GET https://localhost:7291/_framework/aspnetcore-browser-refresh.js - 200 13776 application/javascript; charset=utf-8 6.0153ms
2024-07-09 11:07:38.571 -03:00 [INF] Request finished HTTP/2 GET https://localhost:7291/_vs/browserLink - 200 null text/javascript; charset=UTF-8 17.2627ms
2024-07-09 11:07:38.613 -03:00 [INF] Request starting HTTP/2 GET https://localhost:7291/swagger/v1/swagger.json - null null
2024-07-09 11:07:38.651 -03:00 [INF] Request finished HTTP/2 GET https://localhost:7291/swagger/v1/swagger.json - 200 null application/json;charset=utf-8 38.1333ms
2024-07-09 11:07:52.576 -03:00 [INF] Request starting HTTP/2 GET https://localhost:7291/swagger/index.html - null null
2024-07-09 11:07:52.580 -03:00 [INF] Request finished HTTP/2 GET https://localhost:7291/swagger/index.html - 200 null text/html;charset=utf-8 3.6871ms
2024-07-09 11:07:52.585 -03:00 [INF] Request starting HTTP/2 GET https://localhost:7291/_vs/browserLink - null null
2024-07-09 11:07:52.585 -03:00 [INF] Request starting HTTP/2 GET https://localhost:7291/_framework/aspnetcore-browser-refresh.js - null null
2024-07-09 11:07:52.588 -03:00 [INF] Request finished HTTP/2 GET https://localhost:7291/_framework/aspnetcore-browser-refresh.js - 200 13776 application/javascript; charset=utf-8 2.9194ms
2024-07-09 11:07:52.591 -03:00 [INF] Request finished HTTP/2 GET https://localhost:7291/_vs/browserLink - 200 null text/javascript; charset=UTF-8 6.7305ms
2024-07-09 11:07:52.626 -03:00 [INF] Request starting HTTP/2 GET https://localhost:7291/swagger/v1/swagger.json - null null
2024-07-09 11:07:52.629 -03:00 [INF] Request finished HTTP/2 GET https://localhost:7291/swagger/v1/swagger.json - 200 null application/json;charset=utf-8 2.9429ms
2024-07-09 11:08:47.269 -03:00 [INF] Request starting HTTP/2 GET https://localhost:7291/api/Validador/validar/92.641.849%2F0001-62 - null null
2024-07-09 11:08:47.278 -03:00 [INF] Handling request: GET /api/Validador/validar/92.641.849%2F0001-62
2024-07-09 11:08:47.280 -03:00 [INF] Executing endpoint 'ValidadorCpfCnpjApi1.Controllers.ValidadorController.Validar (ValidadorCpfCnpjApi1)'
2024-07-09 11:08:47.288 -03:00 [INF] Route matched with {action = "Validar", controller = "Validador"}. Executing controller action with signature Microsoft.AspNetCore.Mvc.IActionResult Validar(System.String) on controller ValidadorCpfCnpjApi1.Controllers.ValidadorController (ValidadorCpfCnpjApi1).
2024-07-09 11:08:47.296 -03:00 [INF] Executing BadRequestObjectResult, writing value of type 'System.String'.
2024-07-09 11:08:47.298 -03:00 [INF] Executed action ValidadorCpfCnpjApi1.Controllers.ValidadorController.Validar (ValidadorCpfCnpjApi1) in 7.7787ms
2024-07-09 11:08:47.299 -03:00 [INF] Executed endpoint 'ValidadorCpfCnpjApi1.Controllers.ValidadorController.Validar (ValidadorCpfCnpjApi1)'
2024-07-09 11:08:47.300 -03:00 [INF] Finished handling request.
2024-07-09 11:08:47.300 -03:00 [INF] Request finished HTTP/2 GET https://localhost:7291/api/Validador/validar/92.641.849%2F0001-62 - 400 null text/plain; charset=utf-8 31.435ms
2024-07-09 11:13:23.160 -03:00 [INF] Application is shutting down...
2024-07-09 11:13:31.415 -03:00 [INF] Starting web host
2024-07-09 11:13:31.528 -03:00 [INF] ****************************************
2024-07-09 11:13:31.529 -03:00 [INF] *    Aplicação iniciada com sucesso!   *
2024-07-09 11:13:31.530 -03:00 [INF] ****************************************
2024-07-09 11:13:31.598 -03:00 [INF] Now listening on: https://localhost:7291
2024-07-09 11:13:31.599 -03:00 [INF] Now listening on: http://localhost:5193
2024-07-09 11:13:31.601 -03:00 [INF] Application started. Press Ctrl+C to shut down.
2024-07-09 11:13:31.601 -03:00 [INF] Hosting environment: Development
2024-07-09 11:13:31.602 -03:00 [INF] Content root path: C:\Users\User\OneDrive\Desktop\Validador Documento\ValidadorCpfCnpj
2024-07-09 11:13:32.056 -03:00 [INF] Request starting HTTP/2 GET https://localhost:7291/swagger/index.html - null null
2024-07-09 11:13:32.134 -03:00 [INF] Request finished HTTP/2 GET https://localhost:7291/swagger/index.html - 200 null text/html;charset=utf-8 79.0336ms
2024-07-09 11:13:32.256 -03:00 [INF] Request starting HTTP/2 GET https://localhost:7291/_framework/aspnetcore-browser-refresh.js - null null
2024-07-09 11:13:32.256 -03:00 [INF] Request starting HTTP/2 GET https://localhost:7291/_vs/browserLink - null null
2024-07-09 11:13:32.259 -03:00 [INF] Request finished HTTP/2 GET https://localhost:7291/_framework/aspnetcore-browser-refresh.js - 200 13776 application/javascript; charset=utf-8 3.3323ms
2024-07-09 11:13:32.272 -03:00 [INF] Request finished HTTP/2 GET https://localhost:7291/_vs/browserLink - 200 null text/javascript; charset=UTF-8 16.1289ms
2024-07-09 11:13:32.301 -03:00 [INF] Request starting HTTP/2 GET https://localhost:7291/swagger/v1/swagger.json - null null
2024-07-09 11:13:32.340 -03:00 [INF] Request finished HTTP/2 GET https://localhost:7291/swagger/v1/swagger.json - 200 null application/json;charset=utf-8 39.4081ms
2024-07-09 11:14:33.391 -03:00 [INF] Request starting HTTP/2 GET https://localhost:7291/api/Validador/validar/92.641.849%2F0001-62 - null null
2024-07-09 11:14:33.402 -03:00 [INF] Handling request: GET /api/Validador/validar/92.641.849%2F0001-62
2024-07-09 11:14:33.404 -03:00 [INF] Executing endpoint 'ValidadorCpfCnpjApi1.Controllers.ValidadorController.Validar (ValidadorCpfCnpjApi1)'
2024-07-09 11:14:33.413 -03:00 [INF] Route matched with {action = "Validar", controller = "Validador"}. Executing controller action with signature Microsoft.AspNetCore.Mvc.IActionResult Validar(System.String) on controller ValidadorCpfCnpjApi1.Controllers.ValidadorController (ValidadorCpfCnpjApi1).
2024-07-09 11:14:33.423 -03:00 [INF] Executing BadRequestObjectResult, writing value of type 'System.String'.
2024-07-09 11:14:33.426 -03:00 [INF] Executed action ValidadorCpfCnpjApi1.Controllers.ValidadorController.Validar (ValidadorCpfCnpjApi1) in 9.6361ms
2024-07-09 11:14:33.426 -03:00 [INF] Executed endpoint 'ValidadorCpfCnpjApi1.Controllers.ValidadorController.Validar (ValidadorCpfCnpjApi1)'
2024-07-09 11:14:33.427 -03:00 [INF] Finished handling request.
2024-07-09 11:14:33.427 -03:00 [INF] Request finished HTTP/2 GET https://localhost:7291/api/Validador/validar/92.641.849%2F0001-62 - 400 null text/plain; charset=utf-8 36.6732ms
2024-07-09 11:14:50.615 -03:00 [INF] Request starting HTTP/2 GET https://localhost:7291/api/Validador/validar/92.641.849%2F000162 - null null
2024-07-09 11:14:50.618 -03:00 [INF] Handling request: GET /api/Validador/validar/92.641.849%2F000162
2024-07-09 11:14:50.618 -03:00 [INF] Executing endpoint 'ValidadorCpfCnpjApi1.Controllers.ValidadorController.Validar (ValidadorCpfCnpjApi1)'
2024-07-09 11:14:50.619 -03:00 [INF] Route matched with {action = "Validar", controller = "Validador"}. Executing controller action with signature Microsoft.AspNetCore.Mvc.IActionResult Validar(System.String) on controller ValidadorCpfCnpjApi1.Controllers.ValidadorController (ValidadorCpfCnpjApi1).
2024-07-09 11:14:50.620 -03:00 [INF] Executing BadRequestObjectResult, writing value of type 'System.String'.
2024-07-09 11:14:50.621 -03:00 [INF] Executed action ValidadorCpfCnpjApi1.Controllers.ValidadorController.Validar (ValidadorCpfCnpjApi1) in 1.2623ms
2024-07-09 11:14:50.622 -03:00 [INF] Executed endpoint 'ValidadorCpfCnpjApi1.Controllers.ValidadorController.Validar (ValidadorCpfCnpjApi1)'
2024-07-09 11:14:50.622 -03:00 [INF] Finished handling request.
2024-07-09 11:14:50.623 -03:00 [INF] Request finished HTTP/2 GET https://localhost:7291/api/Validador/validar/92.641.849%2F000162 - 400 null text/plain; charset=utf-8 7.3066ms
2024-07-09 11:18:48.947 -03:00 [INF] Starting web host
2024-07-09 11:18:49.054 -03:00 [INF] ****************************************
2024-07-09 11:18:49.055 -03:00 [INF] *    Aplicação iniciada com sucesso!   *
2024-07-09 11:18:49.055 -03:00 [INF] ****************************************
2024-07-09 11:18:49.122 -03:00 [INF] Now listening on: https://localhost:7291
2024-07-09 11:18:49.123 -03:00 [INF] Now listening on: http://localhost:5193
2024-07-09 11:18:49.125 -03:00 [INF] Application started. Press Ctrl+C to shut down.
2024-07-09 11:18:49.125 -03:00 [INF] Hosting environment: Development
2024-07-09 11:18:49.126 -03:00 [INF] Content root path: C:\Users\User\OneDrive\Desktop\Validador Documento\ValidadorCpfCnpj
2024-07-09 11:18:49.580 -03:00 [INF] Request starting HTTP/2 GET https://localhost:7291/swagger/index.html - null null
2024-07-09 11:18:49.658 -03:00 [INF] Request finished HTTP/2 GET https://localhost:7291/swagger/index.html - 200 null text/html;charset=utf-8 78.0887ms
2024-07-09 11:18:49.659 -03:00 [INF] Request starting HTTP/2 GET https://localhost:7291/_vs/browserLink - null null
2024-07-09 11:18:49.659 -03:00 [INF] Request starting HTTP/2 GET https://localhost:7291/_framework/aspnetcore-browser-refresh.js - null null
2024-07-09 11:18:49.665 -03:00 [INF] Request finished HTTP/2 GET https://localhost:7291/_framework/aspnetcore-browser-refresh.js - 200 13776 application/javascript; charset=utf-8 5.7378ms
2024-07-09 11:18:49.676 -03:00 [INF] Request finished HTTP/2 GET https://localhost:7291/_vs/browserLink - 200 null text/javascript; charset=UTF-8 17.0653ms
2024-07-09 11:18:49.832 -03:00 [INF] Request starting HTTP/2 GET https://localhost:7291/swagger/v1/swagger.json - null null
2024-07-09 11:18:49.872 -03:00 [INF] Request finished HTTP/2 GET https://localhost:7291/swagger/v1/swagger.json - 200 null application/json;charset=utf-8 40.4482ms
2024-07-09 11:19:55.771 -03:00 [INF] Request starting HTTP/2 GET https://localhost:7291/api/Validador/validar/92.641.849%2F0001-62 - null null
2024-07-09 11:19:55.781 -03:00 [INF] Handling request: GET /api/Validador/validar/92.641.849%2F0001-62
2024-07-09 11:19:55.783 -03:00 [INF] Executing endpoint 'ValidadorCpfCnpjApi1.Controllers.ValidadorController.Validar (ValidadorCpfCnpjApi1)'
2024-07-09 11:19:55.791 -03:00 [INF] Route matched with {action = "Validar", controller = "Validador"}. Executing controller action with signature Microsoft.AspNetCore.Mvc.IActionResult Validar(System.String) on controller ValidadorCpfCnpjApi1.Controllers.ValidadorController (ValidadorCpfCnpjApi1).
2024-07-09 11:19:55.800 -03:00 [INF] Executing BadRequestObjectResult, writing value of type 'System.String'.
2024-07-09 11:19:55.802 -03:00 [INF] Executed action ValidadorCpfCnpjApi1.Controllers.ValidadorController.Validar (ValidadorCpfCnpjApi1) in 8.0163ms
2024-07-09 11:19:55.803 -03:00 [INF] Executed endpoint 'ValidadorCpfCnpjApi1.Controllers.ValidadorController.Validar (ValidadorCpfCnpjApi1)'
2024-07-09 11:19:55.803 -03:00 [INF] Finished handling request.
2024-07-09 11:19:55.804 -03:00 [INF] Request finished HTTP/2 GET https://localhost:7291/api/Validador/validar/92.641.849%2F0001-62 - 400 null text/plain; charset=utf-8 32.4674ms
2024-07-09 11:33:12.398 -03:00 [INF] Application is shutting down...
2024-07-09 11:34:01.654 -03:00 [INF] Starting web host
2024-07-09 11:34:01.762 -03:00 [INF] ****************************************
2024-07-09 11:34:01.763 -03:00 [INF] *    Aplicação iniciada com sucesso!   *
2024-07-09 11:34:01.763 -03:00 [INF] ****************************************
2024-07-09 11:34:01.830 -03:00 [INF] Now listening on: https://localhost:7291
2024-07-09 11:34:01.832 -03:00 [INF] Now listening on: http://localhost:5193
2024-07-09 11:34:01.833 -03:00 [INF] Application started. Press Ctrl+C to shut down.
2024-07-09 11:34:01.834 -03:00 [INF] Hosting environment: Development
2024-07-09 11:34:01.834 -03:00 [INF] Content root path: C:\Users\User\OneDrive\Desktop\Validador Documento\ValidadorCpfCnpj
2024-07-09 11:34:02.313 -03:00 [INF] Request starting HTTP/2 GET https://localhost:7291/swagger/index.html - null null
2024-07-09 11:34:02.388 -03:00 [INF] Request finished HTTP/2 GET https://localhost:7291/swagger/index.html - 200 null text/html;charset=utf-8 76.4805ms
2024-07-09 11:34:02.390 -03:00 [INF] Request starting HTTP/2 GET https://localhost:7291/_framework/aspnetcore-browser-refresh.js - null null
2024-07-09 11:34:02.390 -03:00 [INF] Request starting HTTP/2 GET https://localhost:7291/_vs/browserLink - null null
2024-07-09 11:34:02.394 -03:00 [INF] Request finished HTTP/2 GET https://localhost:7291/_framework/aspnetcore-browser-refresh.js - 200 13776 application/javascript; charset=utf-8 4.0314ms
2024-07-09 11:34:02.408 -03:00 [INF] Request finished HTTP/2 GET https://localhost:7291/_vs/browserLink - 200 null text/javascript; charset=UTF-8 17.5774ms
2024-07-09 11:34:02.542 -03:00 [INF] Request starting HTTP/2 GET https://localhost:7291/swagger/v1/swagger.json - null null
2024-07-09 11:34:02.581 -03:00 [INF] Request finished HTTP/2 GET https://localhost:7291/swagger/v1/swagger.json - 200 null application/json;charset=utf-8 38.7479ms
2024-07-09 11:34:52.254 -03:00 [INF] Request starting HTTP/2 GET https://localhost:7291/api/Validador/validar/92.641.849%2F0001-62 - null null
2024-07-09 11:34:52.263 -03:00 [INF] Handling request: GET /api/Validador/validar/92.641.849%2F0001-62
2024-07-09 11:34:52.265 -03:00 [INF] Executing endpoint 'ValidadorCpfCnpjApi1.Controllers.ValidadorController.Validar (ValidadorCpfCnpjApi1)'
2024-07-09 11:34:52.273 -03:00 [INF] Route matched with {action = "Validar", controller = "Validador"}. Executing controller action with signature Microsoft.AspNetCore.Mvc.IActionResult Validar(System.String) on controller ValidadorCpfCnpjApi1.Controllers.ValidadorController (ValidadorCpfCnpjApi1).
2024-07-09 11:34:52.283 -03:00 [INF] Executing OkObjectResult, writing value of type 'System.String'.
2024-07-09 11:34:52.285 -03:00 [INF] Executed action ValidadorCpfCnpjApi1.Controllers.ValidadorController.Validar (ValidadorCpfCnpjApi1) in 9.6428ms
2024-07-09 11:34:52.286 -03:00 [INF] Executed endpoint 'ValidadorCpfCnpjApi1.Controllers.ValidadorController.Validar (ValidadorCpfCnpjApi1)'
2024-07-09 11:34:52.287 -03:00 [INF] Finished handling request.
2024-07-09 11:34:52.287 -03:00 [INF] Request finished HTTP/2 GET https://localhost:7291/api/Validador/validar/92.641.849%2F0001-62 - 200 null text/plain; charset=utf-8 33.5556ms
2024-07-09 11:36:48.771 -03:00 [INF] Application is shutting down...
